mode: set
github.com/bolanosdev/query-builder/query_builder.go:34.50,46.2 1 0
github.com/bolanosdev/query-builder/query_builder.go:48.40,51.28 2 0
github.com/bolanosdev/query-builder/query_builder.go:51.28,53.43 2 0
github.com/bolanosdev/query-builder/query_builder.go:53.43,55.4 1 0
github.com/bolanosdev/query-builder/query_builder.go:56.3,58.39 2 0
github.com/bolanosdev/query-builder/query_builder.go:58.39,61.4 2 0
github.com/bolanosdev/query-builder/query_builder.go:64.2,64.28 1 0
github.com/bolanosdev/query-builder/query_builder.go:64.28,66.39 2 0
github.com/bolanosdev/query-builder/query_builder.go:66.39,68.35 2 0
github.com/bolanosdev/query-builder/query_builder.go:68.35,70.5 1 0
github.com/bolanosdev/query-builder/query_builder.go:71.4,71.42 1 0
github.com/bolanosdev/query-builder/query_builder.go:73.3,73.56 1 0
github.com/bolanosdev/query-builder/query_builder.go:76.2,76.24 1 0
github.com/bolanosdev/query-builder/query_builder.go:76.24,78.3 1 0
github.com/bolanosdev/query-builder/query_builder.go:80.2,80.25 1 0
github.com/bolanosdev/query-builder/query_builder.go:80.25,82.3 1 0
github.com/bolanosdev/query-builder/query_builder.go:84.2,84.20 1 0
github.com/bolanosdev/query-builder/query_builder.go:87.43,89.2 1 0
github.com/bolanosdev/query-builder/query_builder.go:91.52,93.32 2 0
github.com/bolanosdev/query-builder/query_builder.go:93.32,94.26 1 0
github.com/bolanosdev/query-builder/query_builder.go:95.15,96.41 1 0
github.com/bolanosdev/query-builder/query_builder.go:97.17,99.26 2 0
github.com/bolanosdev/query-builder/query_builder.go:99.26,101.5 1 0
github.com/bolanosdev/query-builder/query_builder.go:102.4,102.65 1 0
github.com/bolanosdev/query-builder/query_builder.go:103.11,104.22 1 0
github.com/bolanosdev/query-builder/query_builder.go:107.2,107.18 1 0
github.com/bolanosdev/query-builder/query_builder_conditions.go:8.75,9.34 1 0
github.com/bolanosdev/query-builder/query_builder_conditions.go:9.34,10.19 1 0
github.com/bolanosdev/query-builder/query_builder_conditions.go:10.19,12.46 2 0
github.com/bolanosdev/query-builder/query_builder_conditions.go:12.46,19.5 6 0
github.com/bolanosdev/query-builder/query_builder_conditions.go:20.4,22.46 3 0
github.com/bolanosdev/query-builder/query_builder_conditions.go:23.9,31.4 7 0
github.com/bolanosdev/query-builder/query_builder_conditions.go:33.2,33.11 1 0
github.com/bolanosdev/query-builder/query_builder_conditions.go:36.54,42.2 1 0
github.com/bolanosdev/query-builder/query_builder_conditions.go:44.55,50.2 1 0
github.com/bolanosdev/query-builder/query_builder_conditions.go:52.56,55.2 2 0
github.com/bolanosdev/query-builder/query_builder_conditions.go:57.58,60.2 2 0
github.com/bolanosdev/query-builder/query_builder_matchers.go:8.63,9.22 1 0
github.com/bolanosdev/query-builder/query_builder_matchers.go:9.22,15.3 1 0
github.com/bolanosdev/query-builder/query_builder_matchers.go:16.2,20.3 1 0
github.com/bolanosdev/query-builder/query_builder_matchers.go:23.66,24.22 1 0
github.com/bolanosdev/query-builder/query_builder_matchers.go:24.22,26.3 1 0
github.com/bolanosdev/query-builder/query_builder_matchers.go:28.2,32.29 4 0
github.com/bolanosdev/query-builder/query_builder_matchers.go:32.29,33.26 1 0
github.com/bolanosdev/query-builder/query_builder_matchers.go:34.15,35.42 1 0
github.com/bolanosdev/query-builder/query_builder_matchers.go:36.24,37.10 1 0
github.com/bolanosdev/query-builder/query_builder_matchers.go:38.30,39.19 1 0
github.com/bolanosdev/query-builder/query_builder_matchers.go:43.2,43.28 1 0
github.com/bolanosdev/query-builder/query_builder_matchers.go:43.28,45.3 1 0
github.com/bolanosdev/query-builder/query_builder_matchers.go:47.2,47.27 1 0
github.com/bolanosdev/query-builder/query_builder_matchers.go:47.27,53.3 1 0
github.com/bolanosdev/query-builder/query_builder_matchers.go:55.2,62.19 6 0
github.com/bolanosdev/query-builder/query_builder_matchers.go:62.19,64.24 2 0
github.com/bolanosdev/query-builder/query_builder_matchers.go:64.24,66.4 1 0
github.com/bolanosdev/query-builder/query_builder_matchers.go:67.8,69.3 1 0
github.com/bolanosdev/query-builder/query_builder_matchers.go:71.2,71.12 1 0
github.com/bolanosdev/query-builder/query_builder_matchers.go:72.19,73.20 1 0
github.com/bolanosdev/query-builder/query_builder_matchers.go:73.20,75.4 1 0
github.com/bolanosdev/query-builder/query_builder_matchers.go:75.9,77.4 1 0
github.com/bolanosdev/query-builder/query_builder_matchers.go:78.3,78.22 1 0
github.com/bolanosdev/query-builder/query_builder_matchers.go:79.22,81.45 2 0
github.com/bolanosdev/query-builder/query_builder_matchers.go:82.24,84.43 2 0
github.com/bolanosdev/query-builder/query_builder_matchers.go:85.22,87.43 2 0
github.com/bolanosdev/query-builder/query_builder_matchers.go:90.2,94.3 1 0
github.com/bolanosdev/query-builder/query_builder_matchers.go:97.64,98.22 1 0
github.com/bolanosdev/query-builder/query_builder_matchers.go:98.22,100.3 1 0
github.com/bolanosdev/query-builder/query_builder_matchers.go:102.2,105.29 3 0
github.com/bolanosdev/query-builder/query_builder_matchers.go:105.29,106.26 1 0
github.com/bolanosdev/query-builder/query_builder_matchers.go:107.18,108.28 1 0
github.com/bolanosdev/query-builder/query_builder_matchers.go:109.22,110.17 1 0
github.com/bolanosdev/query-builder/query_builder_matchers.go:114.2,114.21 1 0
github.com/bolanosdev/query-builder/query_builder_matchers.go:114.21,116.3 1 0
github.com/bolanosdev/query-builder/query_builder_matchers.go:118.2,122.19 4 0
github.com/bolanosdev/query-builder/query_builder_matchers.go:123.17,124.22 1 0
github.com/bolanosdev/query-builder/query_builder_matchers.go:124.22,128.4 3 0
github.com/bolanosdev/query-builder/query_builder_matchers.go:129.17,130.22 1 0
github.com/bolanosdev/query-builder/query_builder_matchers.go:130.22,134.4 3 0
github.com/bolanosdev/query-builder/query_builder_matchers.go:135.18,136.22 1 0
github.com/bolanosdev/query-builder/query_builder_matchers.go:136.22,140.4 3 0
github.com/bolanosdev/query-builder/query_builder_matchers.go:141.19,142.22 1 0
github.com/bolanosdev/query-builder/query_builder_matchers.go:142.22,146.4 3 0
github.com/bolanosdev/query-builder/query_builder_matchers.go:149.2,153.3 1 0
github.com/bolanosdev/query-builder/query_builder_sort.go:3.71,5.24 2 0
github.com/bolanosdev/query-builder/query_builder_sort.go:5.24,7.3 1 0
github.com/bolanosdev/query-builder/query_builder_sort.go:8.2,11.3 1 0
github.com/bolanosdev/query-builder/query_builder_sort.go:14.65,17.2 2 0
